INFO: [HLS 200-10] Running '/daqfs/Xilinx/Vitis_HLS/2023.2/bin/unwrapped/lnx64.o/vitis_hls'
INFO: [HLS 200-10] For user 'hanjie' on host 'indra-s1.jlab.org' (Linux_x86_64 version 3.10.0-862.14.4.el7.x86_64) on Mon Jan 08 15:05:17 EST 2024
INFO: [HLS 200-10] In directory '/daqfs/home/hanjie/Desktop/GEp/SBS_GEp_trigger'
INFO: [HLS 200-2053] The vitis_hls executable is being deprecated. Consider using vitis-run --mode hls --tcl
Sourcing Tcl script '/daqfs/home/hanjie/Desktop/GEp/SBS_GEp_trigger/GEp_trigger/solution1/csim.tcl'
INFO: [HLS 200-1510] Running: source /daqfs/home/hanjie/Desktop/GEp/SBS_GEp_trigger/GEp_trigger/solution1/csim.tcl
INFO: [HLS 200-1510] Running: open_project GEp_trigger 
INFO: [HLS 200-10] Opening project '/daqfs/home/hanjie/Desktop/GEp/SBS_GEp_trigger/GEp_trigger'.
INFO: [HLS 200-1510] Running: set_top hcal_cluster_hls 
INFO: [HLS 200-1510] Running: add_files hcal_cluster_hls.cpp 
INFO: [HLS 200-10] Adding design file 'hcal_cluster_hls.cpp' to the project
INFO: [HLS 200-1510] Running: add_files -tb hcal_cluster_hls_tb.cpp 
INFO: [HLS 200-10] Adding test bench file 'hcal_cluster_hls_tb.cpp' to the project
INFO: [HLS 200-1510] Running: open_solution solution1 -flow_target vivado 
INFO: [HLS 200-10] Opening solution '/daqfs/home/hanjie/Desktop/GEp/SBS_GEp_trigger/GEp_trigger/solution1'.
INFO: [SYN 201-201] Setting up clock 'default' with a period of 32ns.
INFO: [HLS 200-1611] Setting target device to 'xc7vx550t-ffg1927-1'
INFO: [HLS 200-1505] Using flow_target 'vivado'
Resolution: For help on HLS 200-1505 see docs.xilinx.com/access/sources/dita/topic?Doc_Version=2023.2%20English&url=ug1448-hls-guidance&resourceid=200-1505.html
INFO: [HLS 200-1510] Running: set_part xc7vx550tffg1927-1 
INFO: [HLS 200-1510] Running: create_clock -period 32 -name default 
INFO: [HLS 200-1510] Running: csim_design -quiet 
INFO: [SIM 211-2] *************** CSIM start ***************
INFO: [SIM 211-4] CSIM will launch GCC as the compiler.
INFO: [HLS 200-2036] Building debug C Simulation binaries
   Compiling ../../../../hcal_cluster_hls_tb.cpp in debug mode
   Generating csim.exe
open file: /daqfs/home/hanjie/Desktop/GEp/SBS_GEp_trigger/data/frame0.txt
0 288
open file: /daqfs/home/hanjie/Desktop/GEp/SBS_GEp_trigger/data/frame1.txt
1 288
open file: /daqfs/home/hanjie/Desktop/GEp/SBS_GEp_trigger/data/frame2.txt
2 288
open file: /daqfs/home/hanjie/Desktop/GEp/SBS_GEp_trigger/data/frame3.txt
3 288
open file: /daqfs/home/hanjie/Desktop/GEp/SBS_GEp_trigger/data/frame4.txt
4 288
open file: /daqfs/home/hanjie/Desktop/GEp/SBS_GEp_trigger/data/frame5.txt
5 288
frame  0
nclust: 0
frame  1
nclust: 0
frame  2
nclust 1 at (21, 5), e=9201, t=4
nclust: 1
frame  3
nclust 1 at (3, 4), e=7688, t=4
nclust: 1
frame  4
nclust 1 at (22, 6), e=5698, t=3
nclust: 1
frame  5
nclust 1 at (16, 10), e=9446, t=0
nclust: 1
Find cluster at frame 2: ch=244, e=9201, t=48, x=21, y=5, nhits=3
Find cluster at frame 3: ch=27, e=7688, t=80, x=3, y=4, nhits=3
Find cluster at frame 4: ch=257, e=5698, t=108, x=22, y=6, nhits=3
Find cluster at frame 5: ch=189, e=9446, t=128, x=16, y=10, nhits=4
Fiber out at frame 2: ch=62, t=48
Fiber out at frame 3: ch=7, t=80
Fiber out at frame 5: ch=46, t=128
INFO [HLS SIM]: The maximum depth reached by any hls::stream() instance in the design is 6
INFO: [SIM 211-1] CSim done with 0 errors.
INFO: [SIM 211-3] *************** CSIM finish ***************
INFO: [HLS 200-111] Finished Command csim_design CPU user time: 2.46 seconds. CPU system time: 0.39 seconds. Elapsed time: 2.97 seconds; current allocated memory: 0.000 MB.
INFO: [HLS 200-112] Total CPU user time: 5.01 seconds. Total CPU system time: 0.85 seconds. Total elapsed time: 6.12 seconds; peak allocated memory: 407.379 MB.
